Cafe/Library/Bee/Android/Prj/Mono2x/Gradle/unityLibrary/build/intermediates/manifest_merge_blame_file/release/manifest-merger-blame-release-report.txt
1<?xml version="1.0" encoding="utf-8"?>
2<manifest xmlns:android="http://schemas.android.com/apk/res/android"
3    xmlns:tools="http://schemas.android.com/tools"
4    package="com.unity3d.player"
5    android:versionCode="1"
6    android:versionName="1.0" >
7
8    <uses-sdk
9        android:minSdkVersion="22"
9-->src\main\AndroidManifest.xml
10        android:targetSdkVersion="30" />
10-->src\main\AndroidManifest.xml
11
12    <uses-feature android:glEsVersion="0x00030000" />
12-->src\main\AndroidManifest.xml:19:3-52
12-->src\main\AndroidManifest.xml:19:17-49
13    <uses-feature
13-->src\main\AndroidManifest.xml:20:3-91
14        android:name="android.hardware.vulkan.version"
14-->src\main\AndroidManifest.xml:20:17-63
15        android:required="false" />
15-->src\main\AndroidManifest.xml:20:64-88
16    <uses-feature
16-->src\main\AndroidManifest.xml:21:3-88
17        android:name="android.hardware.touchscreen"
17-->src\main\AndroidManifest.xml:21:17-60
18        android:required="false" />
18-->src\main\AndroidManifest.xml:21:61-85
19    <uses-feature
19-->src\main\AndroidManifest.xml:22:3-99
20        android:name="android.hardware.touchscreen.multitouch"
20-->src\main\AndroidManifest.xml:22:17-71
21        android:required="false" />
21-->src\main\AndroidManifest.xml:22:72-96
22    <uses-feature
22-->src\main\AndroidManifest.xml:23:3-108
23        android:name="android.hardware.touchscreen.multitouch.distinct"
23-->src\main\AndroidManifest.xml:23:17-80
24        android:required="false" />
24-->src\main\AndroidManifest.xml:23:81-105
25
26    <application android:extractNativeLibs="true" >
26-->src\main\AndroidManifest.xml:3:3-18:17
26-->src\main\AndroidManifest.xml:3:16-48
27        <activity
27-->src\main\AndroidManifest.xml:4:5-12:16
28            android:name="com.unity3d.player.UnityPlayerActivity"
28-->src\main\AndroidManifest.xml:4:15-68
29            android:configChanges="mcc|mnc|locale|touchscreen|keyboard|keyboardHidden|navigation|orientation|screenLayout|uiMode|screenSize|smallestScreenSize|fontScale|layoutDirection|density"
29-->src\main\AndroidManifest.xml:4:188-369
30            android:hardwareAccelerated="false"
30-->src\main\AndroidManifest.xml:4:405-440
31            android:launchMode="singleTask"
31-->src\main\AndroidManifest.xml:4:156-187
32            android:resizeableActivity="false"
32-->src\main\AndroidManifest.xml:4:370-404
33            android:screenOrientation="reverseLandscape"
33-->src\main\AndroidManifest.xml:4:111-155
34            android:theme="@style/UnityThemeSelector" >
34-->src\main\AndroidManifest.xml:4:69-110
35            <intent-filter>
35-->src\main\AndroidManifest.xml:5:7-8:23
36                <action android:name="android.intent.action.MAIN" />
36-->src\main\AndroidManifest.xml:6:9-61
36-->src\main\AndroidManifest.xml:6:17-58
37
38                <category android:name="android.intent.category.LAUNCHER" />
38-->src\main\AndroidManifest.xml:7:9-69
38-->src\main\AndroidManifest.xml:7:19-66
39            </intent-filter>
40
41            <meta-data
41-->src\main\AndroidManifest.xml:9:7-82
42                android:name="unityplayer.UnityActivity"
42-->src\main\AndroidManifest.xml:9:18-58
43                android:value="true" />
43-->src\main\AndroidManifest.xml:9:59-79
44
45            <layout
45-->src\main\AndroidManifest.xml:10:7-129
46                android:defaultHeight="1080px"
46-->src\main\AndroidManifest.xml:10:15-45
47                android:defaultWidth="1920px"
47-->src\main\AndroidManifest.xml:10:46-75
48                android:minHeight="300px"
48-->src\main\AndroidManifest.xml:10:76-101
49                android:minWidth="400px" />
49-->src\main\AndroidManifest.xml:10:102-126
50
51            <meta-data
51-->src\main\AndroidManifest.xml:11:7-78
52                android:name="android.notch_support"
52-->src\main\AndroidManifest.xml:11:18-54
53                android:value="true" />
53-->src\main\AndroidManifest.xml:11:55-75
54        </activity>
55
56        <meta-data
56-->src\main\AndroidManifest.xml:13:5-69
57            android:name="unity.splash-mode"
57-->src\main\AndroidManifest.xml:13:16-48
58            android:value="0" />
58-->src\main\AndroidManifest.xml:13:49-66
59        <meta-data
59-->src\main\AndroidManifest.xml:14:5-74
60            android:name="unity.splash-enable"
60-->src\main\AndroidManifest.xml:14:16-50
61            android:value="True" />
61-->src\main\AndroidManifest.xml:14:51-71
62        <meta-data
62-->src\main\AndroidManifest.xml:15:5-78
63            android:name="unity.launch-fullscreen"
63-->src\main\AndroidManifest.xml:15:16-54
64            android:value="True" />
64-->src\main\AndroidManifest.xml:15:55-75
65        <meta-data
65-->src\main\AndroidManifest.xml:16:5-84
66            android:name="unity.allow-resizable-window"
66-->src\main\AndroidManifest.xml:16:16-59
67            android:value="False" />
67-->src\main\AndroidManifest.xml:16:60-81
68        <meta-data
68-->src\main\AndroidManifest.xml:17:5-81
69            android:name="notch.config"
69-->src\main\AndroidManifest.xml:17:16-43
70            android:value="portrait|landscape" />
70-->src\main\AndroidManifest.xml:17:44-78
71    </application>
72
73</manifest>